Using pre-set license
Built from '2021.1/china_unity/release' branch; Version is '2021.1.6f1c1 (672c12e81483) revision 6761490'; Using compiler version '192528614'; Build Type 'Release'
OS: 'Windows 10 Pro; OS build 19043.1288; Version 2009; 64bit' Language: 'zh' Physical Memory: 8864 MB
BatchMode: 1, IsHumanControllingUs: 0, StartBugReporterOnCrash: 0, Is64bit: 1, IsPro: 0

 COMMAND LINE ARGUMENTS:
D:\Unity\Unity 2021.1.6f1c1\Editor\Unity.exe
-adb2
-batchMode
-noUpm
-name
AssetImportWorker0
-projectPath
E:/unity project/Project
-logFile
Logs/AssetImportWorker0.log
-srvPort
6699
Successfully changed project path to: E:/unity project/Project
E:/unity project/Project
Using Asset Import Pipeline V2.
Refreshing native plugins compatible for Editor in 301.80 ms, found 2 plugins.
Preloading 0 native plugins for Editor in 0.00 ms.
Initialize engine version: 2021.1.6f1c1 (672c12e81483)
[Subsystems] Discovering subsystems at path D:/Unity/Unity 2021.1.6f1c1/Editor/Data/Resources/UnitySubsystems
[Subsystems] Discovering subsystems at path E:/unity project/Project/Assets
GfxDevice: creating device client; threaded=0; jobified=0
Direct3D:
    Version:  Direct3D 11.0 [level 11.1]
    Renderer: Intel(R) UHD Graphics 600 (ID=0x3185)
    Vendor:   Intel
    VRAM:     4432 MB
    Driver:   27.20.100.8681
Initialize mono
Mono path[0] = 'D:/Unity/Unity 2021.1.6f1c1/Editor/Data/Managed'
Mono path[1] = 'D:/Unity/Unity 2021.1.6f1c1/Editor/Data/MonoBleedingEdge/lib/mono/unityjit'
Mono config path = 'D:/Unity/Unity 2021.1.6f1c1/Editor/Data/MonoBleedingEdge/etc'
Using monoOptions --debugger-agent=transport=dt_socket,embedding=1,server=y,suspend=n,address=127.0.0.1:56264
Begin MonoManager ReloadAssembly
Registering precompiled unity dll's ...
Register platform support module: D:/Unity/Unity 2021.1.6f1c1/Editor/Data/PlaybackEngines/WindowsStandaloneSupport/UnityEditor.WindowsStandalone.Extensions.dll
Registered in 0.003712 seconds.
Native extension for WindowsStandalone target not found
Refreshing native plugins compatible for Editor in 397.13 ms, found 2 plugins.
Preloading 0 native plugins for Editor in 0.00 ms.
Mono: successfully reloaded assembly
- Completed reload, in  3.930 seconds
Platform modules already initialized, skipping
Registering precompiled user dll's ...
Registered in 0.009954 seconds.
Begin MonoManager ReloadAssembly
Native extension for WindowsStandalone target not found
Refreshing native plugins compatible for Editor in 236.78 ms, found 2 plugins.
Preloading 0 native plugins for Editor in 0.00 ms.
Mono: successfully reloaded assembly
- Completed reload, in  3.690 seconds
Platform modules already initialized, skipping
========================================================================
Worker process is ready to serve import requests
Launched and connected shader compiler UnityShaderCompiler.exe after 0.16 seconds
Refreshing native plugins compatible for Editor in 2.36 ms, found 2 plugins.
Preloading 0 native plugins for Editor in 0.00 ms.
Unloading 3370 Unused Serialized files (Serialized files now loaded: 0)
System memory in use before: 127.8 MB.
System memory in use after: 128.0 MB.

Unloading 24 unused Assets to reduce memory usage. Loaded Objects now: 3827.
Total: 22.154000 ms (FindLiveObjects: 13.076800 ms CreateObjectMapping: 0.864800 ms MarkObjects: 8.032200 ms  DeleteObjects: 0.177000 ms)

========================================================================
Received Import Request.
  path: Assets/Scripts
  artifactKey: Guid(97dba086148d7d1458c7fa27326d0127) Importer(815301076,1909f56bfc062723c751e8b465ee728b)
Start importing Assets/Scripts using Guid(97dba086148d7d1458c7fa27326d0127) Importer(815301076,1909f56bfc062723c751e8b465ee728b)  -> (artifact id: 'aa2a2afc0e21c287856707cc664f20ec') in 0.029770 seconds 
========================================================================
Received Import Request.
  Time since last request: 1.441474 seconds.
  path: Assets
  artifactKey: Guid(00000000000000001000000000000000) Importer(815301076,1909f56bfc062723c751e8b465ee728b)
Start importing Assets using Guid(00000000000000001000000000000000) Importer(815301076,1909f56bfc062723c751e8b465ee728b)  -> (artifact id: '42d402b061de3733987d63b9cc3b64de') in 0.020596 seconds 
========================================================================
Received Import Request.
  Time since last request: 2.087107 seconds.
  path: Assets/Images
  artifactKey: Guid(242e44b7cbcb8e4448390b40f0dc5567) Importer(815301076,1909f56bfc062723c751e8b465ee728b)
Start importing Assets/Images using Guid(242e44b7cbcb8e4448390b40f0dc5567) Importer(815301076,1909f56bfc062723c751e8b465ee728b)  -> (artifact id: '300ab3be72ba2fcf5937f0cb899d43fd') in 0.018050 seconds 
========================================================================
Received Prepare
Registering precompiled user dll's ...
Registered in 0.007015 seconds.
Begin MonoManager ReloadAssembly
Native extension for WindowsStandalone target not found
Refreshing native plugins compatible for Editor in 2.46 ms, found 2 plugins.
Preloading 0 native plugins for Editor in 0.00 ms.
Mono: successfully reloaded assembly
- Completed reload, in  3.127 seconds
Platform modules already initialized, skipping
Refreshing native plugins compatible for Editor in 6.65 ms, found 2 plugins.
Preloading 0 native plugins for Editor in 0.00 ms.
Unloading 3353 Unused Serialized files (Serialized files now loaded: 0)
System memory in use before: 127.2 MB.
System memory in use after: 127.4 MB.

Unloading 12 unused Assets to reduce memory usage. Loaded Objects now: 3831.
Total: 10.329100 ms (FindLiveObjects: 4.775100 ms CreateObjectMapping: 0.279800 ms MarkObjects: 5.211800 ms  DeleteObjects: 0.059300 ms)

========================================================================
Received Prepare
Registering precompiled user dll's ...
Registered in 0.002412 seconds.
Begin MonoManager ReloadAssembly
Native extension for WindowsStandalone target not found
Refreshing native plugins compatible for Editor in 1.37 ms, found 1 plugins.
Preloading 0 native plugins for Editor in 0.00 ms.
Mono: successfully reloaded assembly
- Completed reload, in  4.346 seconds
Platform modules already initialized, skipping
Refreshing native plugins compatible for Editor in 1.67 ms, found 1 plugins.
Preloading 0 native plugins for Editor in 0.00 ms.
Unloading 1813 Unused Serialized files (Serialized files now loaded: 0)
System memory in use before: 96.0 MB.
System memory in use after: 96.2 MB.

Unloading 845 unused Assets to reduce memory usage. Loaded Objects now: 2997.
Total: 8.852700 ms (FindLiveObjects: 2.495500 ms CreateObjectMapping: 0.634800 ms MarkObjects: 5.057100 ms  DeleteObjects: 0.662100 ms)

========================================================================
Received Prepare
Registering precompiled user dll's ...
Registered in 0.003048 seconds.
Begin MonoManager ReloadAssembly
Native extension for WindowsStandalone target not found
Refreshing native plugins compatible for Editor in 3.22 ms, found 1 plugins.
Preloading 0 native plugins for Editor in 0.00 ms.
Mono: successfully reloaded assembly
- Completed reload, in  7.337 seconds
Platform modules already initialized, skipping
Refreshing native plugins compatible for Editor in 1.40 ms, found 1 plugins.
Preloading 0 native plugins for Editor in 0.00 ms.
Unloading 1813 Unused Serialized files (Serialized files now loaded: 0)
System memory in use before: 93.8 MB.
System memory in use after: 94.0 MB.

Unloading 7 unused Assets to reduce memory usage. Loaded Objects now: 3001.
Total: 12.638200 ms (FindLiveObjects: 1.351700 ms CreateObjectMapping: 0.254500 ms MarkObjects: 10.977800 ms  DeleteObjects: 0.050600 ms)

AssetImportWorkerClient::OnTransportError - code=2 error=End of file
